# JRE version: Java(TM) SE Runtime Environment (8.0_221-b11) (build 1.8.0_221-b11)
# Java VM: Java HotSpot(TM) 64-Bit Server VM (25.221-b11 mixed mode linux-amd64 compressed oops)
Heap:
 PSYoungGen      total 148480K, used 16333K [0x0000000580100000, 0x0000000635c80000, 0x0000000800000000)
  eden space 146944K, 10% used [0x0000000580100000,0x0000000580fd48c0,0x0000000589080000)
  from space 1536K, 74% used [0x0000000635980000,0x0000000635a9ec28,0x0000000635b00000)
  to   space 1536K, 0% used [0x0000000635b00000,0x0000000635b00000,0x0000000635c80000)
 ParOldGen       total 2999808K, used 1646829K [0x0000000080200000, 0x0000000137380000, 0x0000000580100000)
  object space 2999808K, 54% used [0x0000000080200000,0x00000000e4a3b760,0x0000000137380000)
 Metaspace       used 108804K, capacity 110406K, committed 110544K, reserved 1148928K
  class space    used 10632K, capacity 10969K, committed 11008K, reserved 1048576K
GC Heap History (10 events):
Event: 260146.547 GC heap before
{Heap before GC invocations=2836 (full 5):
 PSYoungGen      total 147968K, used 147936K [0x0000000580100000, 0x0000000635f80000, 0x0000000800000000)
  eden space 146944K, 100% used [0x0000000580100000,0x0000000589080000,0x0000000589080000)
  from space 1024K, 96% used [0x0000000635e80000,0x0000000635f78020,0x0000000635f80000)
  to   space 2048K, 0% used [0x0000000635b80000,0x0000000635b80000,0x0000000635d80000)
 ParOldGen       total 2999808K, used 1646245K [0x0000000080200000, 0x0000000137380000, 0x0000000580100000)
  object space 2999808K, 54% used [0x0000000080200000,0x00000000e49a9750,0x0000000137380000)
 Metaspace       used 108784K, capacity 110400K, committed 110544K, reserved 1148928K
  class space    used 10628K, capacity 10968K, committed 11008K, reserved 1048576K
Event: 260146.614 GC heap after
Heap after GC invocations=2836 (full 5):
 PSYoungGen      total 148480K, used 1312K [0x0000000580100000, 0x0000000635f00000, 0x0000000800000000)
  eden space 146944K, 0% used [0x0000000580100000,0x0000000580100000,0x0000000589080000)
  from space 1536K, 85% used [0x0000000635b80000,0x0000000635cc8020,0x0000000635d00000)
  to   space 2048K, 0% used [0x0000000635d00000,0x0000000635d00000,0x0000000635f00000)
 ParOldGen       total 2999808K, used 1646309K [0x0000000080200000, 0x0000000137380000, 0x0000000580100000)
  object space 2999808K, 54% used [0x0000000080200000,0x00000000e49b9750,0x0000000137380000)
 Metaspace       used 108784K, capacity 110400K, committed 110544K, reserved 1148928K
  class space    used 10628K, capacity 10968K, committed 11008K, reserved 1048576K
}
Event: 260471.091 GC heap before
{Heap before GC invocations=2837 (full 5):
 PSYoungGen      total 148480K, used 148256K [0x0000000580100000, 0x0000000635f00000, 0x0000000800000000)
  eden space 146944K, 100% used [0x0000000580100000,0x0000000589080000,0x0000000589080000)
  from space 1536K, 85% used [0x0000000635b80000,0x0000000635cc8020,0x0000000635d00000)
  to   space 2048K, 0% used [0x0000000635d00000,0x0000000635d00000,0x0000000635f00000)
 ParOldGen       total 2999808K, used 1646309K [0x0000000080200000, 0x0000000137380000, 0x0000000580100000)
  object space 2999808K, 54% used [0x0000000080200000,0x00000000e49b9750,0x0000000137380000)
 Metaspace       used 108784K, capacity 110400K, committed 110544K, reserved 1148928K
  class space    used 10628K, capacity 10968K, committed 11008K, reserved 1048576K
Event: 260471.160 GC heap after
Heap after GC invocations=2837 (full 5):
 PSYoungGen      total 148480K, used 1499K [0x0000000580100000, 0x0000000635e80000, 0x0000000800000000)
  eden space 146944K, 0% used [0x0000000580100000,0x0000000580100000,0x0000000589080000)
  from space 1536K, 97% used [0x0000000635d00000,0x0000000635e76c28,0x0000000635e80000)
  to   space 2048K, 0% used [0x0000000635a80000,0x0000000635a80000,0x0000000635c80000)
 ParOldGen       total 2999808K, used 1646309K [0x0000000080200000, 0x0000000137380000, 0x0000000580100000)
  object space 2999808K, 54% used [0x0000000080200000,0x00000000e49b9750,0x0000000137380000)
 Metaspace       used 108784K, capacity 110400K, committed 110544K, reserved 1148928K
  class space    used 10628K, capacity 10968K, committed 11008K, reserved 1048576K
}
Event: 260794.569 GC heap before
{Heap before GC invocations=2838 (full 5):
 PSYoungGen      total 148480K, used 148443K [0x0000000580100000, 0x0000000635e80000, 0x0000000800000000)
  eden space 146944K, 100% used [0x0000000580100000,0x0000000589080000,0x0000000589080000)
  from space 1536K, 97% used [0x0000000635d00000,0x0000000635e76c28,0x0000000635e80000)
  to   space 2048K, 0% used [0x0000000635a80000,0x0000000635a80000,0x0000000635c80000)
 ParOldGen       total 2999808K, used 1646309K [0x0000000080200000, 0x0000000137380000, 0x0000000580100000)
  object space 2999808K, 54% used [0x0000000080200000,0x00000000e49b9750,0x0000000137380000)
 Metaspace       used 108784K, capacity 110400K, committed 110544K, reserved 1148928K
  class space    used 10628K, capacity 10968K, committed 11008K, reserved 1048576K
Event: 260794.636 GC heap after
Heap after GC invocations=2838 (full 5):
 PSYoungGen      total 148480K, used 1184K [0x0000000580100000, 0x0000000635d80000, 0x0000000800000000)
  eden space 146944K, 0% used [0x0000000580100000,0x0000000580100000,0x0000000589080000)
  from space 1536K, 77% used [0x0000000635a80000,0x0000000635ba8010,0x0000000635c00000)
  to   space 1536K, 0% used [0x0000000635c00000,0x0000000635c00000,0x0000000635d80000)
 ParOldGen       total 2999808K, used 1646701K [0x0000000080200000, 0x0000000137380000, 0x0000000580100000)
  object space 2999808K, 54% used [0x0000000080200000,0x00000000e4a1b760,0x0000000137380000)
 Metaspace       used 108784K, capacity 110400K, committed 110544K, reserved 1148928K
  class space    used 10628K, capacity 10968K, committed 11008K, reserved 1048576K
}
Event: 261121.647 GC heap before
{Heap before GC invocations=2839 (full 5):
 PSYoungGen      total 148480K, used 148128K [0x0000000580100000, 0x0000000635d80000, 0x0000000800000000)
  eden space 146944K, 100% used [0x0000000580100000,0x0000000589080000,0x0000000589080000)
  from space 1536K, 77% used [0x0000000635a80000,0x0000000635ba8010,0x0000000635c00000)
  to   space 1536K, 0% used [0x0000000635c00000,0x0000000635c00000,0x0000000635d80000)
 ParOldGen       total 2999808K, used 1646701K [0x0000000080200000, 0x0000000137380000, 0x0000000580100000)
  object space 2999808K, 54% used [0x0000000080200000,0x00000000e4a1b760,0x0000000137380000)
 Metaspace       used 108784K, capacity 110400K, committed 110544K, reserved 1148928K
  class space    used 10628K, capacity 10968K, committed 11008K, reserved 1048576K
Event: 261121.714 GC heap after
Heap after GC invocations=2839 (full 5):
 PSYoungGen      total 148480K, used 1056K [0x0000000580100000, 0x0000000635d80000, 0x0000000800000000)
  eden space 146944K, 0% used [0x0000000580100000,0x0000000580100000,0x0000000589080000)
  from space 1536K, 68% used [0x0000000635c00000,0x0000000635d08020,0x0000000635d80000)
  to   space 2048K, 0% used [0x0000000635980000,0x0000000635980000,0x0000000635b80000)
 ParOldGen       total 2999808K, used 1646749K [0x0000000080200000, 0x0000000137380000, 0x0000000580100000)
  object space 2999808K, 54% used [0x0000000080200000,0x00000000e4a27760,0x0000000137380000)
 Metaspace       used 108784K, capacity 110400K, committed 110544K, reserved 1148928K
  class space    used 10628K, capacity 10968K, committed 11008K, reserved 1048576K
}
Event: 261451.050 GC heap before
{Heap before GC invocations=2840 (full 5):
 PSYoungGen      total 148480K, used 148000K [0x0000000580100000, 0x0000000635d80000, 0x0000000800000000)
  eden space 146944K, 100% used [0x0000000580100000,0x0000000589080000,0x0000000589080000)
  from space 1536K, 68% used [0x0000000635c00000,0x0000000635d08020,0x0000000635d80000)
  to   space 2048K, 0% used [0x0000000635980000,0x0000000635980000,0x0000000635b80000)
 ParOldGen       total 2999808K, used 1646749K [0x0000000080200000, 0x0000000137380000, 0x0000000580100000)
  object space 2999808K, 54% used [0x0000000080200000,0x00000000e4a27760,0x0000000137380000)
 Metaspace       used 108784K, capacity 110400K, committed 110544K, reserved 1148928K
  class space    used 10628K, capacity 10968K, committed 11008K, reserved 1048576K
Event: 261451.119 GC heap after
Heap after GC invocations=2840 (full 5):
 PSYoungGen      total 148480K, used 1147K [0x0000000580100000, 0x0000000635c80000, 0x0000000800000000)
  eden space 146944K, 0% used [0x0000000580100000,0x0000000580100000,0x0000000589080000)
  from space 1536K, 74% used [0x0000000635980000,0x0000000635a9ec28,0x0000000635b00000)
  to   space 1536K, 0% used [0x0000000635b00000,0x0000000635b00000,0x0000000635c80000)
 ParOldGen       total 2999808K, used 1646829K [0x0000000080200000, 0x0000000137380000, 0x0000000580100000)
  object space 2999808K, 54% used [0x0000000080200000,0x00000000e4a3b760,0x0000000137380000)
 Metaspace       used 108784K, capacity 110400K, committed 110544K, reserved 1148928K
  class space    used 10628K, capacity 10968K, committed 11008K, reserved 1048576K
}

